<?xml version="1.0" encoding="UTF-8"?>
<testng-results ignored="0" total="2" passed="2" failed="0" skipped="0">
  <reporter-output>
  </reporter-output>
  <suite started-at="2024-08-31T11:21:27 IST" name="Master Suite" finished-at="2024-08-31T11:21:38 IST" duration-ms="11148">
    <groups>
      <group name="Master">
        <method signature="TC001_AccountRegistrationTest.verify_account_registration()[pri:0, instance:testCases.TC001_AccountRegistrationTest@5669c5fb]" name="verify_account_registration" class="testCases.TC001_AccountRegistrationTest"/>
        <method signature="TC002_LoginTest.verify_Login()[pri:0, instance:testCases.TC002_LoginTest@362045c0]" name="verify_Login" class="testCases.TC002_LoginTest"/>
      </group> <!-- Master -->
      <group name="Sanity">
        <method signature="TC002_LoginTest.verify_Login()[pri:0, instance:testCases.TC002_LoginTest@362045c0]" name="verify_Login" class="testCases.TC002_LoginTest"/>
      </group> <!-- Sanity -->
      <group name="Regression">
        <method signature="TC001_AccountRegistrationTest.verify_account_registration()[pri:0, instance:testCases.TC001_AccountRegistrationTest@5669c5fb]" name="verify_account_registration" class="testCases.TC001_AccountRegistrationTest"/>
      </group> <!-- Regression -->
    </groups>
    <test started-at="2024-08-31T11:21:27 IST" name="Test" finished-at="2024-08-31T11:21:38 IST" duration-ms="11148">
      <class name="testCases.TC002_LoginTest">
        <test-method is-config="true" signature="setUp(java.lang.String,java.lang.String)[pri:0, instance:testCases.TC002_LoginTest@362045c0]" started-at="2024-08-31T11:21:34 IST" name="setUp" finished-at="2024-08-31T11:21:36 IST" duration-ms="2099" status="PASS">
          <params>
            <param index="0">
              <value>
                <![CDATA[windows]]>
              </value>
            </param>
            <param index="1">
              <value>
                <![CDATA[chrome]]>
              </value>
            </param>
          </params>
          <reporter-output>
          </reporter-output>
        </test-method> <!-- setUp -->
        <test-method signature="verify_Login()[pri:0, instance:testCases.TC002_LoginTest@362045c0]" started-at="2024-08-31T11:21:36 IST" name="verify_Login" finished-at="2024-08-31T11:21:38 IST" duration-ms="1698" status="PASS">
          <reporter-output>
          </reporter-output>
        </test-method> <!-- verify_Login -->
        <test-method is-config="true" signature="tearDown()[pri:0, instance:testCases.TC002_LoginTest@362045c0]" started-at="2024-08-31T11:21:38 IST" name="tearDown" finished-at="2024-08-31T11:21:38 IST" duration-ms="180" status="PASS">
          <reporter-output>
          </reporter-output>
        </test-method> <!-- tearDown -->
      </class> <!-- testCases.TC002_LoginTest -->
      <class name="testCases.TC001_AccountRegistrationTest">
        <test-method is-config="true" signature="setUp(java.lang.String,java.lang.String)[pri:0, instance:testCases.TC001_AccountRegistrationTest@5669c5fb]" started-at="2024-08-31T11:21:27 IST" name="setUp" finished-at="2024-08-31T11:21:30 IST" duration-ms="2820" status="PASS">
          <params>
            <param index="0">
              <value>
                <![CDATA[windows]]>
              </value>
            </param>
            <param index="1">
              <value>
                <![CDATA[chrome]]>
              </value>
            </param>
          </params>
          <reporter-output>
          </reporter-output>
        </test-method> <!-- setUp -->
        <test-method signature="verify_account_registration()[pri:0, instance:testCases.TC001_AccountRegistrationTest@5669c5fb]" started-at="2024-08-31T11:21:30 IST" name="verify_account_registration" finished-at="2024-08-31T11:21:34 IST" duration-ms="4007" status="PASS">
          <reporter-output>
          </reporter-output>
        </test-method> <!-- verify_account_registration -->
        <test-method is-config="true" signature="tearDown()[pri:0, instance:testCases.TC001_AccountRegistrationTest@5669c5fb]" started-at="2024-08-31T11:21:34 IST" name="tearDown" finished-at="2024-08-31T11:21:34 IST" duration-ms="169" status="PASS">
          <reporter-output>
          </reporter-output>
        </test-method> <!-- tearDown -->
      </class> <!-- testCases.TC001_AccountRegistrationTest -->
    </test> <!-- Test -->
  </suite> <!-- Master Suite -->
</testng-results>
